

Started GET "/" for 127.0.0.1 at 2014-02-21 10:17:51 -0800
Processing by ApplicationController#index as HTML
  Rendered application/index.html.haml (20.0ms)
Completed 200 OK in 120ms (Views: 71.0ms)


Started GET "/map" for 127.0.0.1 at 2014-02-21 10:17:52 -0800
Processing by ApplicationController#map as HTML
  Rendered application/map.html.erb (0.0ms)
Completed 200 OK in 4ms (Views: 4.0ms)


Started GET "/api/places" for 127.0.0.1 at 2014-02-21 10:17:53 -0800
Processing by ApplicationController#places as */*
Completed 200 OK in 55ms (Views: 7.0ms)


Started GET "/" for 127.0.0.1 at 2014-02-21 10:18:07 -0800
Processing by ApplicationController#index as HTML
  Rendered application/index.html.haml (0.0ms)
Completed 200 OK in 3ms (Views: 3.0ms)


Started GET "/map" for 127.0.0.1 at 2014-02-21 10:18:10 -0800
Processing by ApplicationController#map as HTML
  Rendered application/map.html.erb (0.0ms)
Completed 200 OK in 2ms (Views: 2.0ms)


Started GET "/api/places" for 127.0.0.1 at 2014-02-21 10:18:12 -0800
Processing by ApplicationController#places as */*
Completed 200 OK in 39ms (Views: 3.0ms)


Started GET "/api/places" for 127.0.0.1 at 2014-02-21 10:18:47 -0800
Processing by ApplicationController#places as HTML
Completed 200 OK in 43ms (Views: 3.0ms)


Started GET "/api/places" for 127.0.0.1 at 2014-02-21 10:22:58 -0800
Processing by ApplicationController#places as HTML
Completed 200 OK in 28ms (Views: 3.0ms)


Started GET "/" for 127.0.0.1 at 2014-02-21 10:23:03 -0800
Processing by ApplicationController#index as HTML
  Rendered application/index.html.haml (0.0ms)
Completed 200 OK in 3ms (Views: 3.0ms)


Started GET "/map" for 127.0.0.1 at 2014-02-21 10:23:04 -0800
Processing by ApplicationController#map as HTML
  Rendered application/map.html.erb (0.0ms)
Completed 200 OK in 11ms (Views: 11.0ms)


Started GET "/api/places" for 127.0.0.1 at 2014-02-21 10:23:06 -0800
Processing by ApplicationController#places as */*
Completed 200 OK in 26ms (Views: 3.0ms)


Started GET "/" for 127.0.0.1 at 2014-02-21 10:23:19 -0800
Processing by ApplicationController#index as HTML
  Rendered application/index.html.haml (0.0ms)
Completed 200 OK in 3ms (Views: 2.0ms)


Started GET "/map" for 127.0.0.1 at 2014-02-21 10:23:22 -0800
Processing by ApplicationController#map as HTML
  Rendered application/map.html.erb (1.0ms)
Completed 200 OK in 3ms (Views: 3.0ms)


Started GET "/api/places" for 127.0.0.1 at 2014-02-21 10:23:24 -0800
Processing by ApplicationController#places as */*
Completed 200 OK in 41ms (Views: 4.0ms)


Started GET "/" for 127.0.0.1 at 2014-02-21 10:24:16 -0800
Processing by ApplicationController#index as HTML
  Rendered application/index.html.haml (0.0ms)
Completed 200 OK in 4ms (Views: 4.0ms)


Started GET "/map" for 127.0.0.1 at 2014-02-21 10:24:20 -0800
Processing by ApplicationController#map as HTML
  Rendered application/map.html.erb (1.0ms)
Completed 200 OK in 4ms (Views: 3.0ms)


Started GET "/api/places" for 127.0.0.1 at 2014-02-21 10:24:21 -0800
Processing by ApplicationController#places as */*
Completed 200 OK in 40ms (Views: 3.0ms)


Started GET "/" for 127.0.0.1 at 2014-02-21 10:24:38 -0800
Processing by ApplicationController#index as HTML
  Rendered application/index.html.haml (0.0ms)
Completed 200 OK in 4ms (Views: 3.0ms)


Started GET "/map" for 127.0.0.1 at 2014-02-21 10:24:40 -0800
Processing by ApplicationController#map as HTML
  Rendered application/map.html.erb (0.0ms)
Completed 200 OK in 5ms (Views: 4.0ms)


Started GET "/api/places" for 127.0.0.1 at 2014-02-21 10:24:42 -0800
Processing by ApplicationController#places as */*
Completed 200 OK in 26ms (Views: 3.0ms)


Started GET "/" for 127.0.0.1 at 2014-02-21 10:25:08 -0800
Processing by ApplicationController#index as HTML
  Rendered application/index.html.haml (0.0ms)
Completed 200 OK in 3ms (Views: 3.0ms)


Started GET "/map" for 127.0.0.1 at 2014-02-21 10:25:10 -0800
Processing by ApplicationController#map as HTML
  Rendered application/map.html.erb (0.0ms)
Completed 200 OK in 3ms (Views: 2.0ms)


Started GET "/api/places" for 127.0.0.1 at 2014-02-21 10:25:12 -0800
Processing by ApplicationController#places as */*
Completed 200 OK in 39ms (Views: 2.0ms)


Started GET "/" for 127.0.0.1 at 2014-02-21 10:26:27 -0800
Processing by ApplicationController#index as HTML
  Rendered application/index.html.haml (0.0ms)
Completed 200 OK in 3ms (Views: 3.0ms)


Started GET "/map" for 127.0.0.1 at 2014-02-21 10:26:29 -0800
Processing by ApplicationController#map as HTML
  Rendered application/map.html.erb (1.0ms)
Completed 200 OK in 3ms (Views: 3.0ms)


Started GET "/api/places" for 127.0.0.1 at 2014-02-21 10:26:31 -0800
Processing by ApplicationController#places as */*
Completed 200 OK in 40ms (Views: 4.0ms)


Started GET "/" for 127.0.0.1 at 2014-02-21 10:26:41 -0800
Processing by ApplicationController#index as HTML
  Rendered application/index.html.haml (0.0ms)
Completed 200 OK in 2ms (Views: 2.0ms)


Started GET "/map" for 127.0.0.1 at 2014-02-21 10:26:44 -0800
Processing by ApplicationController#map as HTML
  Rendered application/map.html.erb (0.0ms)
Completed 200 OK in 5ms (Views: 4.0ms)


Started GET "/api/places" for 127.0.0.1 at 2014-02-21 10:26:46 -0800
Processing by ApplicationController#places as */*
Completed 200 OK in 40ms (Views: 3.0ms)


Started GET "/" for 127.0.0.1 at 2014-02-21 10:29:09 -0800
Processing by ApplicationController#index as HTML
  Rendered application/index.html.haml (0.0ms)
Completed 200 OK in 3ms (Views: 3.0ms)


Started GET "/map" for 127.0.0.1 at 2014-02-21 10:29:12 -0800
Processing by ApplicationController#map as HTML
  Rendered application/map.html.erb (0.0ms)
Completed 200 OK in 4ms (Views: 4.0ms)


Started GET "/api/places" for 127.0.0.1 at 2014-02-21 10:29:13 -0800
Processing by ApplicationController#places as */*
Completed 200 OK in 26ms (Views: 3.0ms)


Started GET "/" for 127.0.0.1 at 2014-02-21 10:29:22 -0800
Processing by ApplicationController#index as HTML
  Rendered application/index.html.haml (0.0ms)
Completed 200 OK in 3ms (Views: 3.0ms)


Started GET "/map" for 127.0.0.1 at 2014-02-21 10:29:24 -0800
Processing by ApplicationController#map as HTML
  Rendered application/map.html.erb (0.0ms)
Completed 200 OK in 4ms (Views: 4.0ms)


Started GET "/api/places" for 127.0.0.1 at 2014-02-21 10:29:26 -0800
Processing by ApplicationController#places as */*
Completed 200 OK in 29ms (Views: 3.0ms)


Started GET "/" for 127.0.0.1 at 2014-02-21 10:29:38 -0800
Processing by ApplicationController#index as HTML
  Rendered application/index.html.haml (1.0ms)
Completed 200 OK in 3ms (Views: 3.0ms)


Started GET "/map" for 127.0.0.1 at 2014-02-21 10:29:41 -0800
Processing by ApplicationController#map as HTML
  Rendered application/map.html.erb (0.0ms)
Completed 200 OK in 3ms (Views: 3.0ms)


Started GET "/api/places" for 127.0.0.1 at 2014-02-21 10:29:42 -0800
Processing by ApplicationController#places as */*
Completed 200 OK in 26ms (Views: 3.0ms)


Started GET "/" for 127.0.0.1 at 2014-02-21 10:29:58 -0800
Processing by ApplicationController#index as HTML
  Rendered application/index.html.haml (0.0ms)
Completed 200 OK in 2ms (Views: 2.0ms)


Started GET "/map" for 127.0.0.1 at 2014-02-21 10:30:01 -0800
Processing by ApplicationController#map as HTML
  Rendered application/map.html.erb (1.0ms)
Completed 200 OK in 4ms (Views: 3.0ms)


Started GET "/api/places" for 127.0.0.1 at 2014-02-21 10:30:03 -0800
Processing by ApplicationController#places as */*
Completed 200 OK in 44ms (Views: 3.0ms)


Started GET "/" for 127.0.0.1 at 2014-02-21 10:30:58 -0800
Processing by ApplicationController#index as HTML
  Rendered application/index.html.haml (0.0ms)
Completed 200 OK in 3ms (Views: 3.0ms)


Started GET "/map" for 127.0.0.1 at 2014-02-21 10:31:00 -0800
Processing by ApplicationController#map as HTML
  Rendered application/map.html.erb (0.0ms)
Completed 200 OK in 3ms (Views: 3.0ms)


Started GET "/api/places" for 127.0.0.1 at 2014-02-21 10:31:02 -0800
Processing by ApplicationController#places as */*
Completed 200 OK in 40ms (Views: 4.0ms)


Started GET "/" for 127.0.0.1 at 2014-02-21 10:31:23 -0800
Processing by ApplicationController#index as HTML
  Rendered application/index.html.haml (0.0ms)
Completed 200 OK in 3ms (Views: 3.0ms)


Started GET "/map" for 127.0.0.1 at 2014-02-21 10:31:25 -0800
Processing by ApplicationController#map as HTML
  Rendered application/map.html.erb (0.0ms)
Completed 200 OK in 6ms (Views: 5.0ms)


Started GET "/api/places" for 127.0.0.1 at 2014-02-21 10:31:27 -0800
Processing by ApplicationController#places as */*
Completed 200 OK in 42ms (Views: 3.0ms)


Started GET "/" for 127.0.0.1 at 2014-02-21 10:31:36 -0800
Processing by ApplicationController#index as HTML
  Rendered application/index.html.haml (0.0ms)
Completed 200 OK in 3ms (Views: 3.0ms)


Started GET "/map" for 127.0.0.1 at 2014-02-21 10:31:38 -0800
Processing by ApplicationController#map as HTML
  Rendered application/map.html.erb (0.0ms)
Completed 200 OK in 3ms (Views: 3.0ms)


Started GET "/api/places" for 127.0.0.1 at 2014-02-21 10:31:40 -0800
Processing by ApplicationController#places as */*
Completed 200 OK in 41ms (Views: 16.0ms)


Started GET "/" for 127.0.0.1 at 2014-02-21 10:37:39 -0800
Processing by ApplicationController#index as HTML
  Rendered application/index.html.haml (0.0ms)
Completed 200 OK in 3ms (Views: 3.0ms)


Started GET "/map" for 127.0.0.1 at 2014-02-21 10:37:42 -0800
Processing by ApplicationController#map as HTML
  Rendered application/map.html.erb (0.0ms)
Completed 200 OK in 4ms (Views: 4.0ms)


Started GET "/api/places" for 127.0.0.1 at 2014-02-21 10:37:44 -0800
Processing by ApplicationController#places as */*
Completed 200 OK in 40ms (Views: 4.0ms)


Started GET "/" for 127.0.0.1 at 2014-02-21 11:29:38 -0800
Processing by ApplicationController#index as HTML
  Rendered application/index.html.haml (15.0ms)
Completed 200 OK in 97ms (Views: 65.0ms)


Started GET "/map" for 127.0.0.1 at 2014-02-21 11:29:41 -0800
Processing by ApplicationController#map as HTML
  Rendered application/map.html.erb (1.0ms)
Completed 200 OK in 17ms (Views: 17.0ms)


Started GET "/api/places" for 127.0.0.1 at 2014-02-21 11:29:43 -0800
Processing by ApplicationController#places as */*
Completed 500 Internal Server Error in 28ms

NameError (undefined local variable or method `param' for #<ApplicationController:0x444b748>):
  app/controllers/application_controller.rb:37:in `places'


  Rendered C:/RailsInstaller/Ruby2.0.0/lib/ruby/gems/2.0.0/gems/actionpack-4.0.3/lib/action_dispatch/middleware/templates/rescues/_source.erb (1.0ms)
  Rendered C:/RailsInstaller/Ruby2.0.0/lib/ruby/gems/2.0.0/gems/actionpack-4.0.3/lib/action_dispatch/middleware/templates/rescues/_trace.erb (1.0ms)
  Rendered C:/RailsInstaller/Ruby2.0.0/lib/ruby/gems/2.0.0/gems/actionpack-4.0.3/lib/action_dispatch/middleware/templates/rescues/_request_and_response.erb (1.0ms)
  Rendered C:/RailsInstaller/Ruby2.0.0/lib/ruby/gems/2.0.0/gems/actionpack-4.0.3/lib/action_dispatch/middleware/templates/rescues/diagnostics.erb within rescues/layout (55.0ms)


Started GET "/api/places" for 127.0.0.1 at 2014-02-21 11:29:48 -0800
Processing by ApplicationController#places as HTML
Completed 500 Internal Server Error in 14ms

NameError (undefined local variable or method `param' for #<ApplicationController:0x43c2150>):
  app/controllers/application_controller.rb:37:in `places'


  Rendered C:/RailsInstaller/Ruby2.0.0/lib/ruby/gems/2.0.0/gems/actionpack-4.0.3/lib/action_dispatch/middleware/templates/rescues/_source.erb (1.0ms)
  Rendered C:/RailsInstaller/Ruby2.0.0/lib/ruby/gems/2.0.0/gems/actionpack-4.0.3/lib/action_dispatch/middleware/templates/rescues/_trace.erb (1.0ms)
  Rendered C:/RailsInstaller/Ruby2.0.0/lib/ruby/gems/2.0.0/gems/actionpack-4.0.3/lib/action_dispatch/middleware/templates/rescues/_request_and_response.erb (1.0ms)
  Rendered C:/RailsInstaller/Ruby2.0.0/lib/ruby/gems/2.0.0/gems/actionpack-4.0.3/lib/action_dispatch/middleware/templates/rescues/diagnostics.erb within rescues/layout (63.0ms)


Started GET "/api/places" for 127.0.0.1 at 2014-02-21 11:29:59 -0800
Processing by ApplicationController#places as HTML
Completed 200 OK in 41ms (Views: 3.0ms)


Started GET "/api/places?category=Thai" for 127.0.0.1 at 2014-02-21 11:30:09 -0800
Processing by ApplicationController#places as HTML
  Parameters: {"category"=>"Thai"}
Completed 500 Internal Server Error in 22ms

Mongo::OperationFailure (invalid query):
  app/controllers/application_controller.rb:49:in `places'


  Rendered C:/RailsInstaller/Ruby2.0.0/lib/ruby/gems/2.0.0/gems/actionpack-4.0.3/lib/action_dispatch/middleware/templates/rescues/_source.erb (1.0ms)
  Rendered C:/RailsInstaller/Ruby2.0.0/lib/ruby/gems/2.0.0/gems/actionpack-4.0.3/lib/action_dispatch/middleware/templates/rescues/_trace.erb (1.0ms)
  Rendered C:/RailsInstaller/Ruby2.0.0/lib/ruby/gems/2.0.0/gems/actionpack-4.0.3/lib/action_dispatch/middleware/templates/rescues/_request_and_response.erb (0.0ms)
  Rendered C:/RailsInstaller/Ruby2.0.0/lib/ruby/gems/2.0.0/gems/actionpack-4.0.3/lib/action_dispatch/middleware/templates/rescues/diagnostics.erb within rescues/layout (37.0ms)


Started GET "/api/places?category=Thai" for 127.0.0.1 at 2014-02-21 11:33:53 -0800
Processing by ApplicationController#places as HTML
  Parameters: {"category"=>"Thai"}
Completed 200 OK in 19ms (Views: 1.0ms)
